══ ҚАДАМИ 0: Onboarding (модарӣ: тоҷикӣ → омӯзиш: англисӣ) ══
✅ tg → en (2 курс)

══ ҚАДАМИ 1: Алифбо (навомӯзи мутлақ аз ин ҷо сар мекунад) ══
✅ 26 ҳарф | бе талаффузи тоҷикӣ: 0 | бе аудио: 26

══ ҚАДАМИ 2: Роадмап (A1 + A2) ══
  A1: "Англисӣ — A1" — 12 модул
  A2: "Англисӣ — A2" — 14 модул

══════ A1: ҳар дарс як-як (мисли хонанда) ══════
A1: 145/145 дарс солим хонда шуд.

══════ A2: ҳар дарс як-як (мисли хонанда) ══════
A2: 182/182 дарс солим хонда шуд.

══ ҚАДАМИ 4: Муқоисаи душворӣ A1 ↔ A2 ══
Дарозии миёнаи матн: A1=28 калима, A2=93 калима ✅ A2 дарозтар
Луғат: A1=585, A2=700
Машқи грамматика: A1=168, A2=224
Сатрҳои муколама: A1=87, A2=112
Cloze омода (калима дар мисол): A1=579/585, A2=682/700

══ ҚАДАМИ 5: Пӯшиши малакаҳо (CEFR) ══
A1: vocabulary=63, grammar=21, listening=12, speaking=12, test=12, writing=12, reading=4, review=9
A2: vocabulary=70, grammar=28, listening=14, speaking=14, reading=14, review=14, test=14, writing=14

══ ҚАДАМИ 6: Аудио (намунаи тасодуфӣ) ══
20✅/0❌ аз 20 (ҳамагӣ URL: 692)

════════ ҲИСОБОТИ ТЕСТЕР ════════
Мушкилот: 0
🎉 ҲЕҶ мушкилот нест!
