══ ҚАДАМИ 0: Onboarding (модарӣ: тоҷикӣ → омӯзиш: англисӣ) ══
✅ tg → en (2 курс)

══ ҚАДАМИ 1: Алифбо (навомӯзи мутлақ аз ин ҷо сар мекунад) ══
✅ 26 ҳарф | бе талаффузи тоҷикӣ: 0 | бе аудио: 26

══ ҚАДАМИ 2: Роадмап (A1 + A2) ══
  A1: "Англисӣ — A1" — 12 модул
  A2: "Англисӣ — A2" — 14 модул

══════ A1: ҳар дарс як-як (мисли хонанда) ══════
A1: 145/145 дарс солим хонда шуд.

══════ A2: ҳар дарс як-як (мисли хонанда) ══════
A2: 182/182 дарс солим хонда шуд.

══ ҚАДАМИ 4: Муқоисаи душворӣ A1 ↔ A2 ══
Дарозии миёнаи матн: A1=28 калима, A2=93 калима ✅ A2 дарозтар
Луғат: A1=585, A2=700
Машқи грамматика: A1=168, A2=224
Сатрҳои муколама: A1=87, A2=112
Cloze омода (калима дар мисол): A1=579/585, A2=682/700

══ ҚАДАМИ 5: Пӯшиши малакаҳо (CEFR) ══
A1: vocabulary=63, grammar=21, listening=12, speaking=12, test=12, writing=12, reading=4, review=9
A2: vocabulary=70, grammar=28, listening=14, speaking=14, reading=14, review=14, test=14, writing=14

══ ҚАДАМИ 6: Аудио (намунаи тасодуфӣ) ══
20✅/0❌ аз 20 (ҳамагӣ URL: 692)

════════ ҲИСОБОТИ ТЕСТЕР ════════
Мушкилот: 46

⚠️ A1 M0[0] Салом ва Хайрбод:
   - «Goodbye»: мисоли хеле кӯтоҳ (<3 калима)
   - «Yes»: мисоли хеле кӯтоҳ (<3 калима)

⚠️ A1 M0[5] Вақтҳои Рӯз:
   - «Good morning»: мисоли хеле кӯтоҳ (<3 калима)

⚠️ A1 M3[5] Гуфтани Вақт:
   - «Morning»: мисоли хеле кӯтоҳ (<3 калима)
   - «Afternoon»: мисоли хеле кӯтоҳ (<3 калима)
   - «Evening»: мисоли хеле кӯтоҳ (<3 калима)
   - «Night»: мисоли хеле кӯтоҳ (<3 калима)

⚠️ A1 M8[3] Дарси 4: Калимаҳои самт:
   - «Left»: мисоли хеле кӯтоҳ (<3 калима)
   - «Right»: мисоли хеле кӯтоҳ (<3 калима)
   - «Straight»: мисоли хеле кӯтоҳ (<3 калима)

⚠️ A1 M10[6] Шунавоӣ: Назди духтур:
   - Ҳамаи 4 ҷавоби дуруст дар ҳамон индекси 1 — хонанда намунаро пай мебарад!

⚠️ A2 M5[9] Дарси 10: Хониш — Маҳаллаи ман:
   - Ҳамаи 5 ҷавоби дуруст дар ҳамон индекси 0 — хонанда намунаро пай мебарад!

⚠️ A2 M5[10] Дарси 11: Такрори модул:
   - Ҳамаи 5 ҷавоби дуруст дар ҳамон индекси 0 — хонанда намунаро пай мебарад!

⚠️ A2 M5[11] Дарси 12: Имтиҳони ниҳоӣ:
   - Ҳамаи 5 ҷавоби дуруст дар ҳамон индекси 0 — хонанда намунаро пай мебарад!

⚠️ A2 M6[7] Дарси 8: Шунавоӣ — Мусоҳибаи корӣ:
   - Ҳамаи 5 ҷавоби дуруст дар ҳамон индекси 0 — хонанда намунаро пай мебарад!

⚠️ A2 M6[9] Дарси 10: Хониш — Аз пешхизмат то сарошпаз:
   - Ҳамаи 5 ҷавоби дуруст дар ҳамон индекси 0 — хонанда намунаро пай мебарад!

⚠️ A2 M6[10] Дарси 11: Такрори модул:
   - Ҳамаи 5 ҷавоби дуруст дар ҳамон индекси 0 — хонанда намунаро пай мебарад!

⚠️ A2 M6[11] Дарси 12: Имтиҳони ниҳоӣ:
   - Ҳамаи 5 ҷавоби дуруст дар ҳамон индекси 0 — хонанда намунаро пай мебарад!

⚠️ A2 M7[7] Дарси 8: Шунавоӣ — Дар назди духтур:
   - Ҳамаи 5 ҷавоби дуруст дар ҳамон индекси 0 — хонанда намунаро пай мебарад!

⚠️ A2 M7[9] Дарси 10: Хониш — Зиндагии солим:
   - Ҳамаи 5 ҷавоби дуруст дар ҳамон индекси 0 — хонанда намунаро пай мебарад!

⚠️ A2 M7[10] Дарси 11: Такрори модул:
   - Ҳамаи 5 ҷавоби дуруст дар ҳамон индекси 0 — хонанда намунаро пай мебарад!

⚠️ A2 M7[11] Дарси 12: Имтиҳони ниҳоӣ:
   - Ҳамаи 5 ҷавоби дуруст дар ҳамон индекси 0 — хонанда намунаро пай мебарад!

⚠️ A2 M8[7] Дарси 8: Шунавоӣ — Вақти холии ман:
   - Ҳамаи 5 ҷавоби дуруст дар ҳамон индекси 0 — хонанда намунаро пай мебарад!

⚠️ A2 M8[9] Дарси 10: Хониш — Оилаи пур аз ҳобӣ:
   - Ҳамаи 5 ҷавоби дуруст дар ҳамон индекси 0 — хонанда намунаро пай мебарад!

⚠️ A2 M8[10] Дарси 11: Такрори модул:
   - Ҳамаи 5 ҷавоби дуруст дар ҳамон индекси 0 — хонанда намунаро пай мебарад!

⚠️ A2 M8[11] Дарси 12: Имтиҳони ниҳоӣ:
   - Ҳамаи 5 ҷавоби дуруст дар ҳамон индекси 0 — хонанда намунаро пай мебарад!

⚠️ A2 M9[7] Дарси 8: Шунавоӣ — Мушкили технологӣ:
   - Ҳамаи 5 ҷавоби дуруст дар ҳамон индекси 0 — хонанда намунаро пай мебарад!

⚠️ A2 M9[9] Дарси 10: Хониш — Ҳаёт бо смартфонҳо:
   - Ҳамаи 5 ҷавоби дуруст дар ҳамон индекси 0 — хонанда намунаро пай мебарад!

⚠️ A2 M9[10] Дарси 11: Такрори модул:
   - Ҳамаи 5 ҷавоби дуруст дар ҳамон индекси 0 — хонанда намунаро пай мебарад!

⚠️ A2 M9[11] Дарси 12: Имтиҳони ниҳоӣ:
   - Ҳамаи 5 ҷавоби дуруст дар ҳамон индекси 0 — хонанда намунаро пай мебарад!

⚠️ A2 M10[7] Дарси 8: Шунавоӣ — Як рӯз дар кӯҳҳо:
   - Ҳамаи 5 ҷавоби дуруст дар ҳамон индекси 0 — хонанда намунаро пай мебарад!

⚠️ A2 M10[9] Дарси 10: Хониш — Чор фасл:
   - Ҳамаи 5 ҷавоби дуруст дар ҳамон индекси 0 — хонанда намунаро пай мебарад!

⚠️ A2 M10[10] Дарси 11: Такрори модул:
   - Ҳамаи 5 ҷавоби дуруст дар ҳамон индекси 0 — хонанда намунаро пай мебарад!

⚠️ A2 M10[11] Дарси 12: Имтиҳони ниҳоӣ:
   - Ҳамаи 5 ҷавоби дуруст дар ҳамон индекси 0 — хонанда намунаро пай мебарад!

⚠️ A2 M11[7] Дарси 8: Шунавоӣ — Орзуи бузурги ман:
   - Ҳамаи 5 ҷавоби дуруст дар ҳамон индекси 0 — хонанда намунаро пай мебарад!

⚠️ A2 M11[9] Дарси 10: Хониш — Ҳеҷ гоҳ даст накаш:
   - Ҳамаи 5 ҷавоби дуруст дар ҳамон индекси 0 — хонанда намунаро пай мебарад!

⚠️ A2 M11[10] Дарси 11: Такрори модул:
   - Ҳамаи 5 ҷавоби дуруст дар ҳамон индекси 0 — хонанда намунаро пай мебарад!

⚠️ A2 M11[11] Дарси 12: Имтиҳони ниҳоӣ:
   - Ҳамаи 5 ҷавоби дуруст дар ҳамон индекси 0 — хонанда намунаро пай мебарад!

⚠️ A2 M12[7] Дарси 8: Шунавоӣ — Дар бонк:
   - Ҳамаи 5 ҷавоби дуруст дар ҳамон индекси 0 — хонанда намунаро пай мебарад!

⚠️ A2 M12[9] Дарси 10: Хониш — Эҳтиёткорӣ бо пул:
   - Ҳамаи 5 ҷавоби дуруст дар ҳамон индекси 0 — хонанда намунаро пай мебарад!

⚠️ A2 M12[10] Дарси 11: Такрори модул:
   - Ҳамаи 5 ҷавоби дуруст дар ҳамон индекси 0 — хонанда намунаро пай мебарад!

⚠️ A2 M12[11] Дарси 12: Имтиҳони ниҳоӣ:
   - Ҳамаи 5 ҷавоби дуруст дар ҳамон индекси 0 — хонанда намунаро пай мебарад!

⚠️ A2 M13[7] Дарси 8: Шунавоӣ — Лоиҳаи ихтиёриён:
   - Ҳамаи 5 ҷавоби дуруст дар ҳамон индекси 0 — хонанда намунаро пай мебарад!

⚠️ A2 M13[9] Дарси 10: Хониш — Қудрати як нафар:
   - Ҳамаи 5 ҷавоби дуруст дар ҳамон индекси 0 — хонанда намунаро пай мебарад!

⚠️ A2 M13[10] Дарси 11: Такрори модул:
   - Ҳамаи 5 ҷавоби дуруст дар ҳамон индекси 0 — хонанда намунаро пай мебарад!

⚠️ A2 M13[11] Дарси 12: Имтиҳони ниҳоӣ:
   - Ҳамаи 5 ҷавоби дуруст дар ҳамон индекси 0 — хонанда намунаро пай мебарад!
